<?xml version="1.0" encoding="UTF-8"?>
<!-- Generated by org.testng.reporters.JUnitReportReporter -->
<testsuite hostname="SRINIVAS-G2005" failures="0" tests="3" name="OnePiece_Wikipedia.HandlingScreenShots" time="0.989" errors="0" timestamp="2025-07-09T14:54:09 IST" skipped="0">
  <testcase classname="OnePiece_Wikipedia.HandlingScreenShots" name="captureFullPage" time="0.419"/>
  <testcase classname="OnePiece_Wikipedia.HandlingScreenShots" name="captureElement" time="0.350"/>
  <testcase classname="OnePiece_Wikipedia.HandlingScreenShots" name="captureSpecificPlace" time="0.220"/>
</testsuite> <!-- OnePiece_Wikipedia.HandlingScreenShots -->
