<?xml version="1.0" encoding="UTF-8"?>
<!-- Generated by org.testng.reporters.JUnitReportReporter -->
<testsuite hostname="SRINIVAS-G2005" failures="0" tests="3" name="flipkartEcommers.HandlingScreenShots" time="1.506" errors="0" timestamp="2025-03-27T21:45:55 IST" skipped="0">
  <testcase classname="flipkartEcommers.HandlingScreenShots" name="captureFullPage" time="0.937"/>
  <testcase classname="flipkartEcommers.HandlingScreenShots" name="captureSpecificPlace" time="0.404"/>
  <testcase classname="flipkartEcommers.HandlingScreenShots" name="captureWebElement" time="0.165"/>
</testsuite> <!-- flipkartEcommers.HandlingScreenShots -->
