<?xml version="1.0" encoding="UTF-8"?>
<!-- Generated by org.testng.reporters.JUnitReportReporter -->
<testsuite hostname="SRINIVAS-G2005" failures="0" tests="1" name="OnePiece_Wikipedia.HandlingScreenShots" time="0.339" errors="0" timestamp="2025-07-09T14:51:38 IST" skipped="0">
  <testcase classname="OnePiece_Wikipedia.HandlingScreenShots" name="captureSpecificPlace" time="0.339"/>
</testsuite> <!-- OnePiece_Wikipedia.HandlingScreenShots -->
