<?xml version="1.0" encoding="UTF-8"?>
<!-- Generated by org.testng.reporters.JUnitReportReporter -->
<testsuite hostname="SRINIVAS-G2005" failures="0" tests="3" name="flipkartEcommers.HandlingScreenShots" time="0.650" errors="0" timestamp="2025-03-26T20:01:14 IST" skipped="0">
  <testcase classname="flipkartEcommers.HandlingScreenShots" name="captureFullPage" time="0.374"/>
  <testcase classname="flipkartEcommers.HandlingScreenShots" name="captureSpecificPlace" time="0.199"/>
  <testcase classname="flipkartEcommers.HandlingScreenShots" name="captureWebElement" time="0.077"/>
</testsuite> <!-- flipkartEcommers.HandlingScreenShots -->
